Arguments: 
  /Users/tongen/.nvm/versions/node/v8.11.3/bin/node /usr/local/bin/yarn add @tarojs/cli

PATH: 
  /Users/tongen/.nvm/versions/node/v8.11.3/bin:/usr/local/bin:/usr/bin:/bin:/usr/sbin:/sbin:/Library/Apple/usr/bin

Yarn version: 
  1.22.17

Node version: 
  8.11.3

Platform: 
  darwin x64

Trace: 
  Error: http://registry.m.jd.com/@tarojs%2fcli: ETIMEDOUT
      at Timeout._onTimeout (/usr/local/lib/node_modules/yarn/lib/cli.js:141543:19)
      at ontimeout (timers.js:498:11)
      at tryOnTimeout (timers.js:323:5)
      at Timer.listOnTimeout (timers.js:290:5)

npm manifest: 
  No manifest

yarn manifest: 
  No manifest

Lockfile: 
  No lockfile
